[debug] [2025-03-18T20:38:47.538Z] ----------------------------------------------------------------------
[debug] [2025-03-18T20:38:47.543Z] Command:       /usr/local/bin/node /usr/local/bin/firebase functions:secrets:set stripe_secret_key_test=sk_test_51QU7NzHXn2HNJcrtnlKN8jWsV8JFIgCRDXYt5Yj9eM0ml9KISH58BrMiHyOhFUM2vEGJWppbzJgxJqi315VGMEhU00gDirwTN3
[debug] [2025-03-18T20:38:47.543Z] CLI Version:   13.3.1
[debug] [2025-03-18T20:38:47.544Z] Platform:      darwin
[debug] [2025-03-18T20:38:47.544Z] Node Version:  v20.10.0
[debug] [2025-03-18T20:38:47.544Z] Time:          Wed Mar 19 2025 01:38:47 GMT+0500 (Pakistan Standard Time)
[debug] [2025-03-18T20:38:47.544Z] ----------------------------------------------------------------------
[debug] 
[debug] [2025-03-18T20:38:47.545Z] >>> [apiv2][query] GET https://firebase-public.firebaseio.com/cli.json [none]
[debug] [2025-03-18T20:38:47.604Z] > command requires scopes: ["email","openid","https://www.googleapis.com/auth/cloudplatformprojects.readonly","https://www.googleapis.com/auth/firebase","https://www.googleapis.com/auth/cloud-platform"]
[debug] [2025-03-18T20:38:47.604Z] > authorizing via signed-in user (farhanshamshad8@gmail.com)
[debug] [2025-03-18T20:38:47.605Z] > refreshing access token with scopes: []
[debug] [2025-03-18T20:38:47.605Z] >>> [apiv2][query] POST https://www.googleapis.com/oauth2/v3/token [none]
[debug] [2025-03-18T20:38:47.605Z] >>> [apiv2][body] POST https://www.googleapis.com/oauth2/v3/token [omitted]
[debug] [2025-03-18T20:38:48.163Z] <<< [apiv2][status] POST https://www.googleapis.com/oauth2/v3/token 200
[debug] [2025-03-18T20:38:48.163Z] <<< [apiv2][body] POST https://www.googleapis.com/oauth2/v3/token [omitted]
[debug] [2025-03-18T20:38:48.175Z] >>> [apiv2][query] GET https://serviceusage.googleapis.com/v1/projects/bulky-49e60/services/secretmanager.googleapis.com [none]
[debug] [2025-03-18T20:38:48.175Z] >>> [apiv2][(partial)header] GET https://serviceusage.googleapis.com/v1/projects/bulky-49e60/services/secretmanager.googleapis.com x-goog-quota-user=projects/bulky-49e60
[debug] [2025-03-18T20:38:48.233Z] <<< [apiv2][status] GET https://firebase-public.firebaseio.com/cli.json 200
[debug] [2025-03-18T20:38:48.233Z] <<< [apiv2][body] GET https://firebase-public.firebaseio.com/cli.json {"cloudBuildErrorAfter":1594252800000,"cloudBuildWarnAfter":1590019200000,"defaultNode10After":1594252800000,"minVersion":"3.0.5","node8DeploysDisabledAfter":1613390400000,"node8RuntimeDisabledAfter":1615809600000,"node8WarnAfter":1600128000000}
[debug] [2025-03-18T20:38:50.088Z] <<< [apiv2][status] GET https://serviceusage.googleapis.com/v1/projects/bulky-49e60/services/secretmanager.googleapis.com 200
[debug] [2025-03-18T20:38:50.089Z] <<< [apiv2][body] GET https://serviceusage.googleapis.com/v1/projects/bulky-49e60/services/secretmanager.googleapis.com [omitted]
[debug] [2025-03-18T20:38:50.089Z] >>> [apiv2][query] POST https://serviceusage.googleapis.com/v1/projects/bulky-49e60/services/secretmanager.googleapis.com:enable [none]
[debug] [2025-03-18T20:38:50.089Z] >>> [apiv2][(partial)header] POST https://serviceusage.googleapis.com/v1/projects/bulky-49e60/services/secretmanager.googleapis.com:enable x-goog-quota-user=projects/bulky-49e60
[debug] [2025-03-18T20:38:51.992Z] <<< [apiv2][status] POST https://serviceusage.googleapis.com/v1/projects/bulky-49e60/services/secretmanager.googleapis.com:enable 200
[debug] [2025-03-18T20:38:51.992Z] <<< [apiv2][body] POST https://serviceusage.googleapis.com/v1/projects/bulky-49e60/services/secretmanager.googleapis.com:enable [omitted]
